# JRE version: Java(TM) SE Runtime Environment (13.0.1+9) (build 13.0.1+9)
# Java VM: Java HotSpot(TM) 64-Bit Server VM (13.0.1+9, mixed mode, sharing, tiered, compressed oops, g1 gc, windows-amd64)
Heap:
 garbage-first heap   total 65536K, used 29181K [0x00000000c1400000, 0x0000000100000000)
  region size 1024K, 25 young (25600K), 3 survivors (3072K)
 Metaspace       used 11969K, capacity 12472K, committed 12544K, reserved 1060864K
  class space    used 1578K, capacity 1790K, committed 1792K, reserved 1048576K
GC Heap History (8 events):
Event: 3.379 GC heap before
{Heap before GC invocations=0 (full 0):
 garbage-first heap   total 65536K, used 15360K [0x00000000c1400000, 0x0000000100000000)
  region size 1024K, 14 young (14336K), 0 survivors (0K)
 Metaspace       used 4575K, capacity 5104K, committed 5248K, reserved 1056768K
  class space    used 520K, capacity 580K, committed 640K, reserved 1048576K
}
Event: 3.398 GC heap after
{Heap after GC invocations=1 (full 0):
 garbage-first heap   total 65536K, used 6504K [0x00000000c1400000, 0x0000000100000000)
  region size 1024K, 2 young (2048K), 2 survivors (2048K)
 Metaspace       used 4575K, capacity 5104K, committed 5248K, reserved 1056768K
  class space    used 520K, capacity 580K, committed 640K, reserved 1048576K
}
Event: 4.161 GC heap before
{Heap before GC invocations=1 (full 0):
 garbage-first heap   total 65536K, used 12648K [0x00000000c1400000, 0x0000000100000000)
  region size 1024K, 8 young (8192K), 2 survivors (2048K)
 Metaspace       used 6446K, capacity 6713K, committed 6784K, reserved 1056768K
  class space    used 739K, capacity 834K, committed 896K, reserved 1048576K
}
Event: 4.170 GC heap after
{Heap after GC invocations=2 (full 0):
 garbage-first heap   total 65536K, used 6924K [0x00000000c1400000, 0x0000000100000000)
  region size 1024K, 1 young (1024K), 1 survivors (1024K)
 Metaspace       used 6446K, capacity 6713K, committed 6784K, reserved 1056768K
  class space    used 739K, capacity 834K, committed 896K, reserved 1048576K
}
Event: 5.603 GC heap before
{Heap before GC invocations=2 (full 0):
 garbage-first heap   total 65536K, used 27404K [0x00000000c1400000, 0x0000000100000000)
  region size 1024K, 21 young (21504K), 1 survivors (1024K)
 Metaspace       used 8692K, capacity 9004K, committed 9216K, reserved 1056768K
  class space    used 1042K, capacity 1162K, committed 1280K, reserved 1048576K
}
Event: 5.611 GC heap after
{Heap after GC invocations=3 (full 0):
 garbage-first heap   total 65536K, used 8033K [0x00000000c1400000, 0x0000000100000000)
  region size 1024K, 2 young (2048K), 2 survivors (2048K)
 Metaspace       used 8692K, capacity 9004K, committed 9216K, reserved 1056768K
  class space    used 1042K, capacity 1162K, committed 1280K, reserved 1048576K
}
Event: 18.863 GC heap before
{Heap before GC invocations=3 (full 0):
 garbage-first heap   total 65536K, used 31585K [0x00000000c1400000, 0x0000000100000000)
  region size 1024K, 25 young (25600K), 2 survivors (2048K)
 Metaspace       used 10443K, capacity 10867K, committed 11008K, reserved 1058816K
  class space    used 1311K, capacity 1486K, committed 1536K, reserved 1048576K
}
Event: 18.873 GC heap after
{Heap after GC invocations=4 (full 0):
 garbage-first heap   total 65536K, used 8701K [0x00000000c1400000, 0x0000000100000000)
  region size 1024K, 3 young (3072K), 3 survivors (3072K)
 Metaspace       used 10443K, capacity 10867K, committed 11008K, reserved 1058816K
  class space    used 1311K, capacity 1486K, committed 1536K, reserved 1048576K
}

